<?xml version="1.0" encoding="UTF-8"?>
<!-- Generated by org.testng.reporters.JUnitXMLReporter -->
<testsuite ignored="0" hostname="Sandeep" failures="0" tests="6" name="Default test" time="38.415" errors="0" timestamp="2024-09-06T17:16:38 IST">
  <testcase classname="package2TestNg.III_HomePage" name="webPageTitle" time="0.03"/>
  <testcase classname="package2TestNg.III_HomePage" name="logoDisplay" time="0.056"/>
  <testcase classname="package2TestNg.III_HomePage" name="usernameTextfield" time="0.038"/>
  <testcase classname="package2TestNg.III_HomePage" name="passwordTextfield" time="0.113"/>
  <testcase classname="package2TestNg.III_HomePage" name="loginButton" time="0.041"/>
  <testcase classname="package2TestNg.III_HomePage" name="allValidUsernames" time="0.091"/>
</testsuite> <!-- Default test -->
