<?xml version="1.0" encoding="UTF-8"?>
<testng-results ignored="0" total="6" passed="6" failed="0" skipped="0">
  <reporter-output>
    <line>
      <![CDATA[Web Page Title: Swag Labs]]>
    </line>
    <line>
      <![CDATA[Web Page Logo Displayed: ]]>
    </line>
    <line>
      <![CDATA[username textfield is displayed]]>
    </line>
    <line>
      <![CDATA[password textfield is displayed]]>
    </line>
    <line>
      <![CDATA[login button is enabled]]>
    </line>
    <line>
      <![CDATA[Accepted usernames are:
standard_user
locked_out_user
problem_user
performance_glitch_user
error_user
visual_user]]>
    </line>
    <line>
      <![CDATA[Password for all users:
secret_sauce]]>
    </line>
  </reporter-output>
  <suite started-at="2024-09-06T17:15:59 IST" name="Default suite" finished-at="2024-09-06T17:16:38 IST" duration-ms="38415">
    <groups>
    </groups>
    <test started-at="2024-09-06T17:15:59 IST" name="Default test" finished-at="2024-09-06T17:16:38 IST" duration-ms="38415">
      <class name="package2TestNg.III_HomePage">
        <test-method is-config="true" signature="launchBrowse()[pri:0, instance:package2TestNg.III_HomePage@49438269]" started-at="2024-09-06T17:15:59 IST" name="launchBrowse" finished-at="2024-09-06T17:16:02 IST" duration-ms="2924" status="PASS">
          <reporter-output>
          </reporter-output>
        </test-method> <!-- launchBrowse -->
        <test-method signature="webPageTitle()[pri:1, instance:package2TestNg.III_HomePage@49438269]" started-at="2024-09-06T17:16:02 IST" name="webPageTitle" finished-at="2024-09-06T17:16:02 IST" duration-ms="30" status="PASS">
          <reporter-output>
            <line>
              <![CDATA[Web Page Title: Swag Labs]]>
            </line>
          </reporter-output>
        </test-method> <!-- webPageTitle -->
        <test-method is-config="true" signature="closeBrowser()[pri:0, instance:package2TestNg.III_HomePage@49438269]" started-at="2024-09-06T17:16:02 IST" name="closeBrowser" finished-at="2024-09-06T17:16:06 IST" duration-ms="3398" status="PASS">
          <reporter-output>
          </reporter-output>
        </test-method> <!-- closeBrowser -->
        <test-method is-config="true" signature="launchBrowse()[pri:0, instance:package2TestNg.III_HomePage@49438269]" started-at="2024-09-06T17:16:06 IST" name="launchBrowse" finished-at="2024-09-06T17:16:09 IST" duration-ms="3320" status="PASS">
          <reporter-output>
          </reporter-output>
        </test-method> <!-- launchBrowse -->
        <test-method signature="logoDisplay()[pri:2, instance:package2TestNg.III_HomePage@49438269]" started-at="2024-09-06T17:16:09 IST" name="logoDisplay" finished-at="2024-09-06T17:16:09 IST" duration-ms="56" status="PASS">
          <reporter-output>
            <line>
              <![CDATA[Web Page Logo Displayed: ]]>
            </line>
          </reporter-output>
        </test-method> <!-- logoDisplay -->
        <test-method is-config="true" signature="closeBrowser()[pri:0, instance:package2TestNg.III_HomePage@49438269]" started-at="2024-09-06T17:16:09 IST" name="closeBrowser" finished-at="2024-09-06T17:16:12 IST" duration-ms="3360" status="PASS">
          <reporter-output>
          </reporter-output>
        </test-method> <!-- closeBrowser -->
        <test-method is-config="true" signature="launchBrowse()[pri:0, instance:package2TestNg.III_HomePage@49438269]" started-at="2024-09-06T17:16:12 IST" name="launchBrowse" finished-at="2024-09-06T17:16:15 IST" duration-ms="3130" status="PASS">
          <reporter-output>
          </reporter-output>
        </test-method> <!-- launchBrowse -->
        <test-method signature="usernameTextfield()[pri:3, instance:package2TestNg.III_HomePage@49438269]" started-at="2024-09-06T17:16:15 IST" name="usernameTextfield" finished-at="2024-09-06T17:16:15 IST" duration-ms="38" status="PASS">
          <reporter-output>
            <line>
              <![CDATA[username textfield is displayed]]>
            </line>
          </reporter-output>
        </test-method> <!-- usernameTextfield -->
        <test-method is-config="true" signature="closeBrowser()[pri:0, instance:package2TestNg.III_HomePage@49438269]" started-at="2024-09-06T17:16:15 IST" name="closeBrowser" finished-at="2024-09-06T17:16:19 IST" duration-ms="3309" status="PASS">
          <reporter-output>
          </reporter-output>
        </test-method> <!-- closeBrowser -->
        <test-method is-config="true" signature="launchBrowse()[pri:0, instance:package2TestNg.III_HomePage@49438269]" started-at="2024-09-06T17:16:19 IST" name="launchBrowse" finished-at="2024-09-06T17:16:21 IST" duration-ms="2449" status="PASS">
          <reporter-output>
          </reporter-output>
        </test-method> <!-- launchBrowse -->
        <test-method signature="passwordTextfield()[pri:4, instance:package2TestNg.III_HomePage@49438269]" started-at="2024-09-06T17:16:21 IST" name="passwordTextfield" finished-at="2024-09-06T17:16:21 IST" duration-ms="113" status="PASS">
          <reporter-output>
            <line>
              <![CDATA[password textfield is displayed]]>
            </line>
          </reporter-output>
        </test-method> <!-- passwordTextfield -->
        <test-method is-config="true" signature="closeBrowser()[pri:0, instance:package2TestNg.III_HomePage@49438269]" started-at="2024-09-06T17:16:21 IST" name="closeBrowser" finished-at="2024-09-06T17:16:25 IST" duration-ms="3276" status="PASS">
          <reporter-output>
          </reporter-output>
        </test-method> <!-- closeBrowser -->
        <test-method is-config="true" signature="launchBrowse()[pri:0, instance:package2TestNg.III_HomePage@49438269]" started-at="2024-09-06T17:16:25 IST" name="launchBrowse" finished-at="2024-09-06T17:16:28 IST" duration-ms="3321" status="PASS">
          <reporter-output>
          </reporter-output>
        </test-method> <!-- launchBrowse -->
        <test-method signature="loginButton()[pri:5, instance:package2TestNg.III_HomePage@49438269]" started-at="2024-09-06T17:16:28 IST" name="loginButton" finished-at="2024-09-06T17:16:28 IST" duration-ms="41" status="PASS">
          <reporter-output>
            <line>
              <![CDATA[login button is enabled]]>
            </line>
          </reporter-output>
        </test-method> <!-- loginButton -->
        <test-method is-config="true" signature="closeBrowser()[pri:0, instance:package2TestNg.III_HomePage@49438269]" started-at="2024-09-06T17:16:28 IST" name="closeBrowser" finished-at="2024-09-06T17:16:31 IST" duration-ms="3296" status="PASS">
          <reporter-output>
          </reporter-output>
        </test-method> <!-- closeBrowser -->
        <test-method is-config="true" signature="launchBrowse()[pri:0, instance:package2TestNg.III_HomePage@49438269]" started-at="2024-09-06T17:16:31 IST" name="launchBrowse" finished-at="2024-09-06T17:16:34 IST" duration-ms="2913" status="PASS">
          <reporter-output>
          </reporter-output>
        </test-method> <!-- launchBrowse -->
        <test-method signature="allValidUsernames()[pri:6, instance:package2TestNg.III_HomePage@49438269]" started-at="2024-09-06T17:16:34 IST" name="allValidUsernames" finished-at="2024-09-06T17:16:34 IST" duration-ms="91" status="PASS">
          <reporter-output>
            <line>
              <![CDATA[Accepted usernames are:
standard_user
locked_out_user
problem_user
performance_glitch_user
error_user
visual_user]]>
            </line>
            <line>
              <![CDATA[Password for all users:
secret_sauce]]>
            </line>
          </reporter-output>
        </test-method> <!-- allValidUsernames -->
        <test-method is-config="true" signature="closeBrowser()[pri:0, instance:package2TestNg.III_HomePage@49438269]" started-at="2024-09-06T17:16:34 IST" name="closeBrowser" finished-at="2024-09-06T17:16:38 IST" duration-ms="3294" status="PASS">
          <reporter-output>
          </reporter-output>
        </test-method> <!-- closeBrowser -->
      </class> <!-- package2TestNg.III_HomePage -->
    </test> <!-- Default test -->
  </suite> <!-- Default suite -->
</testng-results>
